<?xml version="1.0" encoding="UTF-8"?>
<testsuite name="Academy Choucair" tests="1" skipped="0" failures="0" errors="0" timestamp="2021-06-21T04:31:03" hostname="DESKTOP-IM5SENS" time="31.815">
  <properties/>
  <testcase name="Search for a automation course" classname="Academy Choucair" time="31.815"/>
  <system-out><![CDATA[true
]]></system-out>
  <system-err><![CDATA[[Test worker] WARN net.thucydides.core.steps.BaseStepListener - stepStarted: net.thucydides.core.steps.ExecutedStepDescription@146d7fd7
[Test worker] WARN net.thucydides.core.steps.BaseStepListener - stepStarted: net.thucydides.core.steps.ExecutedStepDescription@1b21ba65
[Test worker] WARN net.thucydides.core.steps.BaseStepListener - stepStarted: net.thucydides.core.steps.ExecutedStepDescription@13f00c40
jun 20, 2021 11:31:04 PM org.openqa.selenium.remote.DesiredCapabilities chrome
INFORMACIÓN: Using `new ChromeOptions()` is preferred to `DesiredCapabilities.chrome()`
[Test worker] INFO net.serenitybdd.core.webdriver.driverproviders.ProvideNewDriver - Instantiating driver
[Test worker] INFO net.serenitybdd.core.webdriver.driverproviders.ProvideNewDriver - Driver capabilities: Capabilities {acceptInsecureCerts: false, browserName: chrome, chrome.switches: --start-maximized, goog:chromeOptions: {args: [--start-maximized], extensions: []}, loggingPrefs: org.openqa.selenium.logging..., platform: ANY, version: }
Starting ChromeDriver 91.0.4472.101 (af52a90bf87030dd1523486a1cd3ae25c5d76c9b-refs/branch-heads/4472@{#1462}) on port 3949
Only local connections are allowed.
Please see https://chromedriver.chromium.org/security-considerations for suggestions on keeping ChromeDriver safe.
ChromeDriver was started successfully.
jun 20, 2021 11:31:07 PM org.openqa.selenium.remote.ProtocolHandshake createSession
INFORMACIÓN: Detected dialect: W3C
[Test worker] WARN net.thucydides.core.steps.BaseStepListener - stepFinished: current outcome:Search for a automation course:Given than Daniel want to learn automation at the academy Choucair
| strUser | strPassword |
| 1020462103 | Choucair2021* | [Daniel open up [Daniel opens the Choucair academy page]]
[Test worker] WARN net.thucydides.core.steps.BaseStepListener - stepFinished: current outcome:Search for a automation course:Given than Daniel want to learn automation at the academy Choucair
| strUser | strPassword |
| 1020462103 | Choucair2021* | [Daniel open up [Daniel opens the Choucair academy page]]
[Test worker] WARN net.thucydides.core.steps.BaseStepListener - stepStarted: net.thucydides.core.steps.ExecutedStepDescription@7d9701c7
[Test worker] WARN net.thucydides.core.steps.BaseStepListener - stepStarted: net.thucydides.core.steps.ExecutedStepDescription@4f57864d
[Test worker] WARN net.thucydides.core.steps.BaseStepListener - stepFinished: current outcome:Search for a automation course:Given than Daniel want to learn automation at the academy Choucair
| strUser | strPassword |
| 1020462103 | Choucair2021* | [Daniel open up [Daniel opens the Choucair academy page], Daniel login [Daniel clicks on button that shows us the form to loging]]
[Test worker] WARN net.thucydides.core.steps.BaseStepListener - stepStarted: net.thucydides.core.steps.ExecutedStepDescription@29cdbb21
[Test worker] WARN net.thucydides.core.steps.BaseStepListener - stepFinished: current outcome:Search for a automation course:Given than Daniel want to learn automation at the academy Choucair
| strUser | strPassword |
| 1020462103 | Choucair2021* | [Daniel open up [Daniel opens the Choucair academy page], Daniel login [Daniel clicks on button that shows us the form to loging, Daniel enters '1020462103' into where do we write the user]]
[Test worker] WARN net.thucydides.core.steps.BaseStepListener - stepStarted: net.thucydides.core.steps.ExecutedStepDescription@3668e478
[Test worker] WARN net.thucydides.core.steps.BaseStepListener - stepFinished: current outcome:Search for a automation course:Given than Daniel want to learn automation at the academy Choucair
| strUser | strPassword |
| 1020462103 | Choucair2021* | [Daniel open up [Daniel opens the Choucair academy page], Daniel login [Daniel clicks on button that shows us the form to loging, Daniel enters '1020462103' into where do we write the user, Daniel enters 'Choucair2021*' into where do we write the password]]
[Test worker] WARN net.thucydides.core.steps.BaseStepListener - stepStarted: net.thucydides.core.steps.ExecutedStepDescription@68774e7f
[Test worker] WARN net.thucydides.core.steps.BaseStepListener - stepFinished: current outcome:Search for a automation course:Given than Daniel want to learn automation at the academy Choucair
| strUser | strPassword |
| 1020462103 | Choucair2021* | [Daniel open up [Daniel opens the Choucair academy page], Daniel login [Daniel clicks on button that shows us the form to loging, Daniel enters '1020462103' into where do we write the user, Daniel enters 'Choucair2021*' into where do we write the password, Daniel clicks on button to access the system]]
[Test worker] WARN net.thucydides.core.steps.BaseStepListener - stepFinished: current outcome:Search for a automation course:Given than Daniel want to learn automation at the academy Choucair
| strUser | strPassword |
| 1020462103 | Choucair2021* | [Daniel open up [Daniel opens the Choucair academy page], Daniel login [Daniel clicks on button that shows us the form to loging, Daniel enters '1020462103' into where do we write the user, Daniel enters 'Choucair2021*' into where do we write the password, Daniel clicks on button to access the system]]
[Test worker] WARN net.thucydides.core.steps.BaseStepListener - stepFinished: current outcome:Search for a automation course:Given than Daniel want to learn automation at the academy Choucair
| strUser | strPassword |
| 1020462103 | Choucair2021* | [Daniel open up [Daniel opens the Choucair academy page], Daniel login [Daniel clicks on button that shows us the form to loging, Daniel enters '1020462103' into where do we write the user, Daniel enters 'Choucair2021*' into where do we write the password, Daniel clicks on button to access the system]]
[Test worker] WARN net.thucydides.core.steps.BaseStepListener - stepStarted: net.thucydides.core.steps.ExecutedStepDescription@640244d2
[Test worker] WARN net.thucydides.core.steps.BaseStepListener - stepStarted: net.thucydides.core.steps.ExecutedStepDescription@26608f43
[Test worker] WARN net.thucydides.core.steps.BaseStepListener - stepStarted: net.thucydides.core.steps.ExecutedStepDescription@47286090
[Test worker] WARN net.thucydides.core.steps.BaseStepListener - stepFinished: current outcome:Search for a automation course:Given than Daniel want to learn automation at the academy Choucair
| strUser | strPassword |
| 1020462103 | Choucair2021* | [Daniel open up [Daniel opens the Choucair academy page], Daniel login [Daniel clicks on button that shows us the form to loging, Daniel enters '1020462103' into where do we write the user, Daniel enters 'Choucair2021*' into where do we write the password, Daniel clicks on button to access the system]], When he search for the course on the choucair academy platform
| strCourse |
| Guías Técnicas - Analista Financial | [Daniel search [Daniel clicks on select the choucair selection (Technical Guides-Financial Analyst)]]
[Test worker] WARN net.thucydides.core.steps.BaseStepListener - stepStarted: net.thucydides.core.steps.ExecutedStepDescription@69951c7
[Test worker] WARN net.thucydides.core.steps.BaseStepListener - stepFinished: current outcome:Search for a automation course:Given than Daniel want to learn automation at the academy Choucair
| strUser | strPassword |
| 1020462103 | Choucair2021* | [Daniel open up [Daniel opens the Choucair academy page], Daniel login [Daniel clicks on button that shows us the form to loging, Daniel enters '1020462103' into where do we write the user, Daniel enters 'Choucair2021*' into where do we write the password, Daniel clicks on button to access the system]], When he search for the course on the choucair academy platform
| strCourse |
| Guías Técnicas - Analista Financial | [Daniel search [Daniel clicks on select the choucair selection (Technical Guides-Financial Analyst), Daniel enters 'Guías Técnicas - Analista Financial' into select the entry]]
[Test worker] WARN net.thucydides.core.steps.BaseStepListener - stepStarted: net.thucydides.core.steps.ExecutedStepDescription@232bf9da
[Test worker] WARN net.thucydides.core.steps.BaseStepListener - stepFinished: current outcome:Search for a automation course:Given than Daniel want to learn automation at the academy Choucair
| strUser | strPassword |
| 1020462103 | Choucair2021* | [Daniel open up [Daniel opens the Choucair academy page], Daniel login [Daniel clicks on button that shows us the form to loging, Daniel enters '1020462103' into where do we write the user, Daniel enters 'Choucair2021*' into where do we write the password, Daniel clicks on button to access the system]], When he search for the course on the choucair academy platform
| strCourse |
| Guías Técnicas - Analista Financial | [Daniel search [Daniel clicks on select the choucair selection (Technical Guides-Financial Analyst), Daniel enters 'Guías Técnicas - Analista Financial' into select the entry, Daniel clicks on select the entry]]
[Test worker] WARN net.thucydides.core.steps.BaseStepListener - stepStarted: net.thucydides.core.steps.ExecutedStepDescription@8a484ed
[Test worker] WARN net.thucydides.core.steps.BaseStepListener - stepFinished: current outcome:Search for a automation course:Given than Daniel want to learn automation at the academy Choucair
| strUser | strPassword |
| 1020462103 | Choucair2021* | [Daniel open up [Daniel opens the Choucair academy page], Daniel login [Daniel clicks on button that shows us the form to loging, Daniel enters '1020462103' into where do we write the user, Daniel enters 'Choucair2021*' into where do we write the password, Daniel clicks on button to access the system]], When he search for the course on the choucair academy platform
| strCourse |
| Guías Técnicas - Analista Financial | [Daniel search [Daniel clicks on select the choucair selection (Technical Guides-Financial Analyst), Daniel enters 'Guías Técnicas - Analista Financial' into select the entry, Daniel clicks on select the entry, Daniel clicks on input for login a course]]
[Test worker] WARN net.thucydides.core.steps.BaseStepListener - stepStarted: net.thucydides.core.steps.ExecutedStepDescription@19731ec9
[Test worker] WARN net.thucydides.core.steps.BaseStepListener - stepFinished: current outcome:Search for a automation course:Given than Daniel want to learn automation at the academy Choucair
| strUser | strPassword |
| 1020462103 | Choucair2021* | [Daniel open up [Daniel opens the Choucair academy page], Daniel login [Daniel clicks on button that shows us the form to loging, Daniel enters '1020462103' into where do we write the user, Daniel enters 'Choucair2021*' into where do we write the password, Daniel clicks on button to access the system]], When he search for the course on the choucair academy platform
| strCourse |
| Guías Técnicas - Analista Financial | [Daniel search [Daniel clicks on select the choucair selection (Technical Guides-Financial Analyst), Daniel enters 'Guías Técnicas - Analista Financial' into select the entry, Daniel clicks on select the entry, Daniel clicks on input for login a course, Daniel esperar]]
[Test worker] WARN net.thucydides.core.steps.BaseStepListener - stepFinished: current outcome:Search for a automation course:Given than Daniel want to learn automation at the academy Choucair
| strUser | strPassword |
| 1020462103 | Choucair2021* | [Daniel open up [Daniel opens the Choucair academy page], Daniel login [Daniel clicks on button that shows us the form to loging, Daniel enters '1020462103' into where do we write the user, Daniel enters 'Choucair2021*' into where do we write the password, Daniel clicks on button to access the system]], When he search for the course on the choucair academy platform
| strCourse |
| Guías Técnicas - Analista Financial | [Daniel search [Daniel clicks on select the choucair selection (Technical Guides-Financial Analyst), Daniel enters 'Guías Técnicas - Analista Financial' into select the entry, Daniel clicks on select the entry, Daniel clicks on input for login a course, Daniel esperar]]
[Test worker] WARN net.thucydides.core.steps.BaseStepListener - stepFinished: current outcome:Search for a automation course:Given than Daniel want to learn automation at the academy Choucair
| strUser | strPassword |
| 1020462103 | Choucair2021* | [Daniel open up [Daniel opens the Choucair academy page], Daniel login [Daniel clicks on button that shows us the form to loging, Daniel enters '1020462103' into where do we write the user, Daniel enters 'Choucair2021*' into where do we write the password, Daniel clicks on button to access the system]], When he search for the course on the choucair academy platform
| strCourse |
| Guías Técnicas - Analista Financial | [Daniel search [Daniel clicks on select the choucair selection (Technical Guides-Financial Analyst), Daniel enters 'Guías Técnicas - Analista Financial' into select the entry, Daniel clicks on select the entry, Daniel clicks on input for login a course, Daniel esperar]]
[Test worker] WARN net.thucydides.core.steps.BaseStepListener - stepStarted: net.thucydides.core.steps.ExecutedStepDescription@1777b078
[Test worker] WARN net.thucydides.core.steps.BaseStepListener - stepStarted: net.thucydides.core.steps.ExecutedStepDescription@5d79c64
[Test worker] WARN net.thucydides.core.steps.BaseStepListener - stepFinished: current outcome:Search for a automation course:Given than Daniel want to learn automation at the academy Choucair
| strUser | strPassword |
| 1020462103 | Choucair2021* | [Daniel open up [Daniel opens the Choucair academy page], Daniel login [Daniel clicks on button that shows us the form to loging, Daniel enters '1020462103' into where do we write the user, Daniel enters 'Choucair2021*' into where do we write the password, Daniel clicks on button to access the system]], When he search for the course on the choucair academy platform
| strCourse |
| Guías Técnicas - Analista Financial | [Daniel search [Daniel clicks on select the choucair selection (Technical Guides-Financial Analyst), Daniel enters 'Guías Técnicas - Analista Financial' into select the entry, Daniel clicks on select the entry, Daniel clicks on input for login a course, Daniel esperar]], Then he finds the course called resources
| strCourse |
| Guías Técnicas - Analista Financial | [Then answer]
[Test worker] WARN net.thucydides.core.steps.BaseStepListener - stepFinished: current outcome:Search for a automation course:Given than Daniel want to learn automation at the academy Choucair
| strUser | strPassword |
| 1020462103 | Choucair2021* | [Daniel open up [Daniel opens the Choucair academy page], Daniel login [Daniel clicks on button that shows us the form to loging, Daniel enters '1020462103' into where do we write the user, Daniel enters 'Choucair2021*' into where do we write the password, Daniel clicks on button to access the system]], When he search for the course on the choucair academy platform
| strCourse |
| Guías Técnicas - Analista Financial | [Daniel search [Daniel clicks on select the choucair selection (Technical Guides-Financial Analyst), Daniel enters 'Guías Técnicas - Analista Financial' into select the entry, Daniel clicks on select the entry, Daniel clicks on input for login a course, Daniel esperar]], Then he finds the course called resources
| strCourse |
| Guías Técnicas - Analista Financial | [Then answer]
[Test worker] WARN net.thucydides.core.steps.BaseStepListener - testFinished: Search for a automation course:Given than Daniel want to learn automation at the academy Choucair
| strUser | strPassword |
| 1020462103 | Choucair2021* | [Daniel open up [Daniel opens the Choucair academy page], Daniel login [Daniel clicks on button that shows us the form to loging, Daniel enters '1020462103' into where do we write the user, Daniel enters 'Choucair2021*' into where do we write the password, Daniel clicks on button to access the system]], When he search for the course on the choucair academy platform
| strCourse |
| Guías Técnicas - Analista Financial | [Daniel search [Daniel clicks on select the choucair selection (Technical Guides-Financial Analyst), Daniel enters 'Guías Técnicas - Analista Financial' into select the entry, Daniel clicks on select the entry, Daniel clicks on input for login a course, Daniel esperar]], Then he finds the course called resources
| strCourse |
| Guías Técnicas - Analista Financial | [Then answer]
[Test worker] WARN net.thucydides.core.steps.BaseStepListener - TestOutcomes: [Search for a automation course:Given than Daniel want to learn automation at the academy Choucair
| strUser | strPassword |
| 1020462103 | Choucair2021* | [Daniel open up [Daniel opens the Choucair academy page], Daniel login [Daniel clicks on button that shows us the form to loging, Daniel enters '1020462103' into where do we write the user, Daniel enters 'Choucair2021*' into where do we write the password, Daniel clicks on button to access the system]], When he search for the course on the choucair academy platform
| strCourse |
| Guías Técnicas - Analista Financial | [Daniel search [Daniel clicks on select the choucair selection (Technical Guides-Financial Analyst), Daniel enters 'Guías Técnicas - Analista Financial' into select the entry, Daniel clicks on select the entry, Daniel clicks on input for login a course, Daniel esperar]], Then he finds the course called resources
| strCourse |
| Guías Técnicas - Analista Financial | [Then answer]]
[Test worker] WARN net.thucydides.core.steps.BaseStepListener - Final testOutcomes: [Search for a automation course:Given than Daniel want to learn automation at the academy Choucair
| strUser | strPassword |
| 1020462103 | Choucair2021* | [Daniel open up [Daniel opens the Choucair academy page], Daniel login [Daniel clicks on button that shows us the form to loging, Daniel enters '1020462103' into where do we write the user, Daniel enters 'Choucair2021*' into where do we write the password, Daniel clicks on button to access the system]], When he search for the course on the choucair academy platform
| strCourse |
| Guías Técnicas - Analista Financial | [Daniel search [Daniel clicks on select the choucair selection (Technical Guides-Financial Analyst), Daniel enters 'Guías Técnicas - Analista Financial' into select the entry, Daniel clicks on select the entry, Daniel clicks on input for login a course, Daniel esperar]], Then he finds the course called resources
| strCourse |
| Guías Técnicas - Analista Financial | [Then answer]]
[Test worker] INFO net.thucydides.core.steps.ConsoleLoggingListener - 
        __    _____ _____ ____ _____   ____   _    ____  ____  _____ ____  
  _     \ \  |_   _| ____/ ___|_   _| |  _ \ / \  / ___|/ ___|| ____|  _ \ 
 (_)_____| |   | | |  _| \___ \ | |   | |_) / _ \ \___ \\___ \|  _| | | | |
  _|_____| |   | | | |___ ___) || |   |  __/ ___ \ ___) |___) | |___| |_| |
 (_)     | |   |_| |_____|____/ |_|   |_| /_/   \_\____/|____/|_____|____/ 
        /_/                                                                

TEST PASSED: Search for a automation course
----------------------------------------------------------------------------
]]></system-err>
</testsuite>
